[05:05:26] [ServerMain/INFO]: [bootstrap] Running Java 21 (OpenJDK 64-Bit Server VM 21.0.6+7-LTS; Microsoft Microsoft-10800198) on Linux 6.8.0-1027-azure (amd64)
[05:05:26] [ServerMain/INFO]: [bootstrap] Loading Paper 1.21.5-103-main@2ba1675 (2025-05-29T12:14:46Z) for Minecraft 1.21.5
[05:05:26] [ServerMain/INFO]: [PluginInitializerManager] Initializing plugins...
[05:05:26] [Paper Plugin Remapper Thread - 2/INFO]: [PluginRemapper] Remapping plugin 'plugins/Vault.jar'...
[05:05:26] [Paper Plugin Remapper Thread - 3/INFO]: [PluginRemapper] Remapping plugin 'plugins/AuraSkills-2.3.3.jar'...
[05:05:27] [Paper Plugin Remapper Thread - 2/INFO]: [PluginRemapper] Done remapping plugin 'plugins/Vault.jar' in 1101ms.
[05:05:28] [Paper Plugin Remapper Thread - 3/INFO]: [PluginRemapper] Done remapping plugin 'plugins/AuraSkills-2.3.3.jar' in 2025ms.
[05:05:29] [ServerMain/INFO]: [MavenLibraryResolver] Downloading https://repo.maven.apache.org/maven2/org/jetbrains/kotlin/kotlin-stdlib/2.1.20/kotlin-stdlib-2.1.20.pom
[05:05:29] [ServerMain/INFO]: [MavenLibraryResolver] Downloading https://repo.maven.apache.org/maven2/org/jetbrains/annotations/13.0/annotations-13.0.pom
[05:05:29] [ServerMain/INFO]: [MavenLibraryResolver] Downloading https://repo.maven.apache.org/maven2/org/jetbrains/kotlinx/kotlinx-serialization-json/1.8.1/kotlinx-serialization-json-1.8.1.pom
[05:05:29] [ServerMain/INFO]: [MavenLibraryResolver] Downloading https://repo.maven.apache.org/maven2/org/jetbrains/kotlinx/kotlinx-serialization-bom/1.8.1/kotlinx-serialization-bom-1.8.1.pom
[05:05:29] [ServerMain/INFO]: [MavenLibraryResolver] Downloading https://repo.maven.apache.org/maven2/org/jetbrains/kotlinx/kotlinx-serialization-json-jvm/1.8.1/kotlinx-serialization-json-jvm-1.8.1.pom
[05:05:30] [ServerMain/INFO]: [MavenLibraryResolver] Downloading https://repo.maven.apache.org/maven2/org/jetbrains/kotlinx/kotlinx-serialization-core-jvm/1.8.1/kotlinx-serialization-core-jvm-1.8.1.pom
[05:05:30] [ServerMain/INFO]: [MavenLibraryResolver] Downloading https://repo.maven.apache.org/maven2/org/jetbrains/kotlinx/kotlinx-coroutines-core/1.10.2/kotlinx-coroutines-core-1.10.2.pom
[05:05:30] [ServerMain/INFO]: [MavenLibraryResolver] Downloading https://repo.maven.apache.org/maven2/org/jetbrains/kotlinx/kotlinx-coroutines-bom/1.10.2/kotlinx-coroutines-bom-1.10.2.pom
[05:05:30] [ServerMain/INFO]: [MavenLibraryResolver] Downloading https://repo.maven.apache.org/maven2/org/jetbrains/kotlinx/kotlinx-coroutines-core-jvm/1.10.2/kotlinx-coroutines-core-jvm-1.10.2.pom
[05:05:30] [ServerMain/INFO]: [MavenLibraryResolver] Downloading https://repo.maven.apache.org/maven2/org/jetbrains/annotations/23.0.0/annotations-23.0.0.pom
[05:05:30] [ServerMain/INFO]: [MavenLibraryResolver] Downloading https://repo.maven.apache.org/maven2/org/jetbrains/kotlin/kotlin-stdlib/2.1.0/kotlin-stdlib-2.1.0.pom
[05:05:30] [ServerMain/INFO]: [MavenLibraryResolver] Downloading https://repo.maven.apache.org/maven2/org/jetbrains/kotlinx/kotlinx-serialization-cbor/1.8.1/kotlinx-serialization-cbor-1.8.1.pom
[05:05:30] [ServerMain/INFO]: [MavenLibraryResolver] Downloading https://repo.maven.apache.org/maven2/org/jetbrains/kotlinx/kotlinx-serialization-cbor-jvm/1.8.1/kotlinx-serialization-cbor-jvm-1.8.1.pom
[05:05:30] [ServerMain/INFO]: [MavenLibraryResolver] Downloading https://repo.maven.apache.org/maven2/dev/jorel/commandapi-bukkit-shade-mojang-mapped/10.0.1/commandapi-bukkit-shade-mojang-mapped-10.0.1.pom
[05:05:30] [ServerMain/INFO]: [MavenLibraryResolver] Downloading https://repo.maven.apache.org/maven2/dev/jorel/commandapi-bukkit/10.0.1/commandapi-bukkit-10.0.1.pom
[05:05:30] [ServerMain/INFO]: [MavenLibraryResolver] Downloading https://repo.maven.apache.org/maven2/dev/jorel/commandapi-platforms/10.0.1/commandapi-platforms-10.0.1.pom
[05:05:30] [ServerMain/INFO]: [MavenLibraryResolver] Downloading https://repo.maven.apache.org/maven2/dev/jorel/commandapi/10.0.1/commandapi-10.0.1.pom
[05:05:30] [ServerMain/INFO]: [MavenLibraryResolver] Downloading https://repo.maven.apache.org/maven2/dev/jorel/commandapi-bukkit-kotlin/10.0.1/commandapi-bukkit-kotlin-10.0.1.pom
[05:05:30] [ServerMain/INFO]: [MavenLibraryResolver] Downloading https://repo.maven.apache.org/maven2/dev/jorel/commandapi-kotlin/10.0.1/commandapi-kotlin-10.0.1.pom
[05:05:30] [ServerMain/INFO]: [MavenLibraryResolver] Downloading https://repo.maven.apache.org/maven2/dev/jorel/commandapi-core-kotlin/10.0.1/commandapi-core-kotlin-10.0.1.pom
[05:05:30] [ServerMain/INFO]: [MavenLibraryResolver] Downloading https://repo.maven.apache.org/maven2/de/miraculixx/kpaper/1.2.1/kpaper-1.2.1.pom
[05:05:30] [ServerMain/INFO]: [MavenLibraryResolver] Downloading https://repo.maven.apache.org/maven2/org/jetbrains/kotlinx/kotlinx-serialization-json-jvm/1.5.1/kotlinx-serialization-json-jvm-1.5.1.pom
[05:05:30] [ServerMain/INFO]: [MavenLibraryResolver] Downloading https://repo.maven.apache.org/maven2/org/jetbrains/kotlinx/kotlinx-serialization-bom/1.5.1/kotlinx-serialization-bom-1.5.1.pom
[05:05:30] [ServerMain/INFO]: [MavenLibraryResolver] Downloading https://repo.maven.apache.org/maven2/org/jetbrains/kotlin/kotlin-stdlib/1.8.21/kotlin-stdlib-1.8.21.pom
[05:05:30] [ServerMain/INFO]: [MavenLibraryResolver] Downloading https://repo.maven.apache.org/maven2/org/jetbrains/kotlin/kotlin-stdlib-common/1.8.21/kotlin-stdlib-common-1.8.21.pom
[05:05:30] [ServerMain/INFO]: [MavenLibraryResolver] Downloading https://repo.maven.apache.org/maven2/org/jetbrains/kotlinx/kotlinx-serialization-core-jvm/1.5.1/kotlinx-serialization-core-jvm-1.5.1.pom
[05:05:30] [ServerMain/INFO]: [MavenLibraryResolver] Downloading https://repo.maven.apache.org/maven2/org/jetbrains/kotlinx/kotlinx-coroutines-core-jvm/1.7.1/kotlinx-coroutines-core-jvm-1.7.1.pom
[05:05:30] [ServerMain/INFO]: [MavenLibraryResolver] Downloading https://repo.maven.apache.org/maven2/org/jetbrains/kotlinx/kotlinx-coroutines-bom/1.7.1/kotlinx-coroutines-bom-1.7.1.pom
[05:05:30] [ServerMain/INFO]: [MavenLibraryResolver] Downloading https://repo.maven.apache.org/maven2/org/jetbrains/kotlin/kotlin-stdlib-common/1.8.20/kotlin-stdlib-common-1.8.20.pom
[05:05:30] [ServerMain/INFO]: [MavenLibraryResolver] Downloading https://repo.maven.apache.org/maven2/org/jetbrains/kotlin/kotlin-stdlib-jdk8/1.8.20/kotlin-stdlib-jdk8-1.8.20.pom
[05:05:30] [ServerMain/INFO]: [MavenLibraryResolver] Downloading https://repo.maven.apache.org/maven2/org/jetbrains/kotlin/kotlin-stdlib/1.8.20/kotlin-stdlib-1.8.20.pom
[05:05:30] [ServerMain/INFO]: [MavenLibraryResolver] Downloading https://repo.maven.apache.org/maven2/org/jetbrains/kotlin/kotlin-stdlib-jdk7/1.8.20/kotlin-stdlib-jdk7-1.8.20.pom
[05:05:30] [ServerMain/INFO]: [MavenLibraryResolver] Downloading https://repo.maven.apache.org/maven2/org/jetbrains/kotlinx/kotlinx-coroutines-jdk8/1.7.1/kotlinx-coroutines-jdk8-1.7.1.pom
[05:05:30] [ServerMain/INFO]: [MavenLibraryResolver] Downloading https://repo.maven.apache.org/maven2/org/jetbrains/kotlin/kotlin-stdlib-jdk8/1.8.22/kotlin-stdlib-jdk8-1.8.22.pom
[05:05:30] [ServerMain/INFO]: [MavenLibraryResolver] Downloading https://repo.maven.apache.org/maven2/org/jetbrains/kotlin/kotlin-stdlib/1.8.22/kotlin-stdlib-1.8.22.pom
[05:05:30] [ServerMain/INFO]: [MavenLibraryResolver] Downloading https://repo.maven.apache.org/maven2/org/jetbrains/kotlin/kotlin-stdlib-common/1.8.22/kotlin-stdlib-common-1.8.22.pom
[05:05:30] [ServerMain/INFO]: [MavenLibraryResolver] Downloading https://repo.maven.apache.org/maven2/org/jetbrains/kotlin/kotlin-stdlib-jdk7/1.8.22/kotlin-stdlib-jdk7-1.8.22.pom
[05:05:30] [ServerMain/INFO]: [MavenLibraryResolver] Downloading https://repo.maven.apache.org/maven2/org/jetbrains/kotlin/kotlin-stdlib/2.1.20/kotlin-stdlib-2.1.20.jar
[05:05:30] [BasicRepositoryConnector-repo.maven.apache.org-0-0/INFO]: [MavenLibraryResolver] Downloading https://repo.maven.apache.org/maven2/org/jetbrains/annotations/13.0/annotations-13.0.jar
[05:05:30] [BasicRepositoryConnector-repo.maven.apache.org-0-1/INFO]: [MavenLibraryResolver] Downloading https://repo.maven.apache.org/maven2/org/jetbrains/kotlinx/kotlinx-serialization-json/1.8.1/kotlinx-serialization-json-1.8.1.jar
[05:05:30] [BasicRepositoryConnector-repo.maven.apache.org-0-2/INFO]: [MavenLibraryResolver] Downloading https://repo.maven.apache.org/maven2/org/jetbrains/kotlinx/kotlinx-serialization-json-jvm/1.8.1/kotlinx-serialization-json-jvm-1.8.1.jar
[05:05:30] [BasicRepositoryConnector-repo.maven.apache.org-0-3/INFO]: [MavenLibraryResolver] Downloading https://repo.maven.apache.org/maven2/org/jetbrains/kotlinx/kotlinx-serialization-core-jvm/1.8.1/kotlinx-serialization-core-jvm-1.8.1.jar
[05:05:30] [BasicRepositoryConnector-repo.maven.apache.org-0-4/INFO]: [MavenLibraryResolver] Downloading https://repo.maven.apache.org/maven2/org/jetbrains/kotlinx/kotlinx-coroutines-core/1.10.2/kotlinx-coroutines-core-1.10.2.jar
[05:05:30] [BasicRepositoryConnector-repo.maven.apache.org-0-0/INFO]: [MavenLibraryResolver] Downloading https://repo.maven.apache.org/maven2/org/jetbrains/kotlinx/kotlinx-coroutines-core-jvm/1.10.2/kotlinx-coroutines-core-jvm-1.10.2.jar
[05:05:30] [BasicRepositoryConnector-repo.maven.apache.org-0-4/INFO]: [MavenLibraryResolver] Downloading https://repo.maven.apache.org/maven2/org/jetbrains/kotlinx/kotlinx-serialization-cbor/1.8.1/kotlinx-serialization-cbor-1.8.1.jar
[05:05:30] [BasicRepositoryConnector-repo.maven.apache.org-0-1/INFO]: [MavenLibraryResolver] Downloading https://repo.maven.apache.org/maven2/org/jetbrains/kotlinx/kotlinx-serialization-cbor-jvm/1.8.1/kotlinx-serialization-cbor-jvm-1.8.1.jar
[05:05:30] [BasicRepositoryConnector-repo.maven.apache.org-0-3/INFO]: [MavenLibraryResolver] Downloading https://repo.maven.apache.org/maven2/dev/jorel/commandapi-bukkit-shade-mojang-mapped/10.0.1/commandapi-bukkit-shade-mojang-mapped-10.0.1.jar
[05:05:30] [BasicRepositoryConnector-repo.maven.apache.org-0-4/INFO]: [MavenLibraryResolver] Downloading https://repo.maven.apache.org/maven2/dev/jorel/commandapi-bukkit-kotlin/10.0.1/commandapi-bukkit-kotlin-10.0.1.jar
[05:05:30] [BasicRepositoryConnector-repo.maven.apache.org-0-1/INFO]: [MavenLibraryResolver] Downloading https://repo.maven.apache.org/maven2/dev/jorel/commandapi-core-kotlin/10.0.1/commandapi-core-kotlin-10.0.1.jar
[05:05:30] [BasicRepositoryConnector-repo.maven.apache.org-0-2/INFO]: [MavenLibraryResolver] Downloading https://repo.maven.apache.org/maven2/de/miraculixx/kpaper/1.2.1/kpaper-1.2.1.jar
[05:05:30] [BasicRepositoryConnector-repo.maven.apache.org-0-4/INFO]: [MavenLibraryResolver] Downloading https://repo.maven.apache.org/maven2/org/jetbrains/kotlinx/kotlinx-coroutines-jdk8/1.7.1/kotlinx-coroutines-jdk8-1.7.1.jar
[05:05:30] [BasicRepositoryConnector-repo.maven.apache.org-0-1/INFO]: [MavenLibraryResolver] Downloading https://repo.maven.apache.org/maven2/org/jetbrains/kotlin/kotlin-stdlib-jdk8/1.8.22/kotlin-stdlib-jdk8-1.8.22.jar
[05:05:30] [BasicRepositoryConnector-repo.maven.apache.org-0-1/INFO]: [MavenLibraryResolver] Downloading https://repo.maven.apache.org/maven2/org/jetbrains/kotlin/kotlin-stdlib-jdk7/1.8.22/kotlin-stdlib-jdk7-1.8.22.jar
[05:05:30] [ServerMain/INFO]: [PluginInitializerManager] Initialized 5 plugins
[05:05:30] [ServerMain/INFO]: [PluginInitializerManager] Paper plugins (1):
 - Veinminer (2.4.4)
[05:05:30] [ServerMain/INFO]: [PluginInitializerManager] Bukkit plugins (4):
 - AuraSkills (2.3.3), Essentials (2.21.2-dev+2-d42347f), LuckPerms (5.5.2), Vault (1.7.3-b131)
[05:05:35] [ServerMain/INFO]: Environment: Environment[sessionHost=https://sessionserver.mojang.com, servicesHost=https://api.minecraftservices.com, name=PROD]
[05:05:37] [ServerMain/INFO]: Loaded 1373 recipes
[05:05:37] [ServerMain/INFO]: Loaded 1484 advancements
[05:05:37] [Server thread/INFO]: Starting minecraft server version 1.21.5
[05:05:37] [Server thread/INFO]: Loading properties
[05:05:37] [Server thread/INFO]: This server is running Paper version 1.21.5-103-main@2ba1675 (2025-05-29T12:14:46Z) (Implementing API version 1.21.5-R0.1-SNAPSHOT)
[05:05:37] [Server thread/INFO]: [spark] This server bundles the spark profiler. For more information please visit https://docs.papermc.io/paper/profiling
[05:05:37] [Server thread/INFO]: Server Ping Player Sample Count: 12
[05:05:37] [Server thread/INFO]: Using 4 threads for Netty based IO
[05:05:38] [Server thread/INFO]: [MoonriseCommon] Paper is using 1 worker threads, 1 I/O threads
[05:05:38] [Server thread/INFO]: [ChunkTaskScheduler] Chunk system is using population gen parallelism: true
[05:05:38] [Server thread/INFO]: Default game type: SURVIVAL
[05:05:38] [Server thread/INFO]: Generating keypair
[05:05:38] [Server thread/INFO]: Starting Minecraft server on *:25565
[05:05:38] [Server thread/INFO]: Using epoll channel type
[05:05:38] [Server thread/INFO]: Paper: Using libdeflate (Linux x86_64) compression from Velocity.
[05:05:38] [Server thread/INFO]: Paper: Using OpenSSL 1.1.x (Linux x86_64) cipher from Velocity.
[05:05:38] [Server thread/INFO]: [LuckPerms] Loading server plugin LuckPerms v5.5.2
[05:05:42] [Server thread/INFO]: [Vault] Loading server plugin Vault v1.7.3-b131
[05:05:42] [Server thread/INFO]: [Veinminer] Loading server plugin Veinminer v2.4.4
[05:05:42] [Server thread/INFO]: [Veinminer] Detected platform: Paper
[05:05:42] [Server thread/INFO]: [Veinminer] Created blocks.json default config
[05:05:42] [Server thread/INFO]: [Veinminer] Created settings.json default config
[05:05:42] [Server thread/INFO]: [Veinminer] Created groups.json default config
[05:05:42] [Server thread/INFO]: [AuraSkills] Loading server plugin AuraSkills v2.3.3
[05:05:42] [Server thread/INFO]: [Essentials] Loading server plugin Essentials v2.21.2-dev+2-d42347f
[05:05:42] [Server thread/INFO]: Server permissions file permissions.yml is empty, ignoring it
[05:05:42] [Server thread/INFO]: [LuckPerms] Enabling LuckPerms v5.5.2
[05:05:43] [Server thread/INFO]:         __    
[05:05:43] [Server thread/INFO]:   |    |__)   LuckPerms v5.5.2
[05:05:43] [Server thread/INFO]:   |___ |      Running on Bukkit - Paper
[05:05:43] [Server thread/INFO]: 
[05:05:43] [Server thread/INFO]: [LuckPerms] Loading configuration...
[05:05:43] [Server thread/INFO]: [LuckPerms] Loading storage provider... [H2]
[05:05:44] [Server thread/INFO]: [LuckPerms] Loading internal permission managers...
[05:05:44] [Server thread/INFO]: [LuckPerms] Performing initial data load...
[05:05:44] [Server thread/INFO]: [LuckPerms] Successfully enabled. (took 1441ms)
[05:05:44] [Server thread/INFO]: [Vault] Enabling Vault v1.7.3-b131
[05:05:44] [Server thread/INFO]: [Vault] [Economy] Essentials Economy found: Waiting
[05:05:44] [Server thread/INFO]: [Vault] [Permission] SuperPermissions loaded as backup permission system.
[05:05:44] [Server thread/INFO]: [Vault] Enabled Version 1.7.3-b131
[05:05:44] [Server thread/INFO]: [LuckPerms] Registered Vault permission & chat hook.
[05:05:44] [Server thread/INFO]: [Veinminer] Enabling Veinminer v2.4.4
[05:05:44] [Server thread/WARN]: **** SERVER IS RUNNING IN OFFLINE/INSECURE MODE!
[05:05:44] [Server thread/WARN]: The server will make no attempt to authenticate usernames. Beware.
[05:05:44] [Server thread/WARN]: While this makes the game possible to play without internet access, it also opens up the ability for hackers to connect with any username they choose.
[05:05:44] [Server thread/WARN]: To change this, set "online-mode" to "true" in the server.properties file.
[05:05:44] [Server thread/INFO]: Preparing level "world"
[05:05:45] [DefaultDispatcher-worker-1/INFO]: [VeinminerUpdater] veinminer is up to date
[05:05:45] [Server thread/INFO]: Preparing start region for dimension minecraft:overworld
[05:05:45] [Server thread/INFO]: Preparing spawn area: 0%
[05:05:46] [Server thread/INFO]: Preparing spawn area: 2%
[05:05:46] [Server thread/INFO]: Preparing spawn area: 4%
[05:05:46] [Server thread/INFO]: Time elapsed: 1191 ms
[05:05:46] [Server thread/INFO]: Preparing start region for dimension minecraft:the_nether
[05:05:47] [Server thread/INFO]: Preparing spawn area: 0%
[05:05:47] [Server thread/INFO]: Time elapsed: 252 ms
[05:05:47] [Server thread/INFO]: Preparing start region for dimension minecraft:the_end
[05:05:47] [Server thread/INFO]: Preparing spawn area: 0%
[05:05:47] [Server thread/INFO]: Time elapsed: 101 ms
[05:05:47] [Server thread/INFO]: [AuraSkills] Enabling AuraSkills v2.3.3
[05:05:48] [Server thread/INFO]: [AuraSkills] Loaded 21 message files
[05:05:48] [Server thread/INFO]: [AuraSkills] Successfully registered hook LuckPerms
[05:05:48] [Server thread/INFO]: [AuraSkills] Successfully registered hook Vault
[05:05:48] [Server thread/INFO]: [AuraSkills] Loaded 158 config options in 21 ms
[05:05:48] [Server thread/INFO]: [NBTAPI] [NBTAPI] Found Minecraft: 1.21.5! Trying to find NMS support
[05:05:48] [Server thread/INFO]: [NBTAPI] [NBTAPI] NMS support 'MC1_21_R4' loaded!
[05:05:48] [Server thread/INFO]: [NBTAPI] [NBTAPI] Using the plugin 'AuraSkills' to create a bStats instance!
[05:05:48] [Server thread/INFO]: [AuraSkills] Loaded 3 blocked/disabled worlds
[05:05:48] [Server thread/INFO]: [AuraSkills] [ACF] Enabled Asynchronous Tab Completion Support!
[05:05:49] [Server thread/INFO]: [Essentials] Enabling Essentials v2.21.2-dev+2-d42347f
[05:05:49] [Server thread/WARN]: [Essentials] Beginning Adventure locale file conversion.
[05:05:49] [Server thread/INFO]: [Essentials] Creating config from template: plugins/Essentials/config.yml
[05:05:49] [Server thread/WARN]: [Essentials] Missing userdata folder, aborting
[05:05:49] [Server thread/INFO]: [Essentials] Creating config from template: plugins/Essentials/kits.yml
[05:05:49] [Server thread/INFO]: [Essentials] Attempting to convert old kits in config.yml to new kits.yml
[05:05:49] [Server thread/INFO]: [Essentials] No kits found to migrate.
[05:05:49] [Server thread/INFO]: [Essentials] Starting Essentials ban format conversion
[05:05:49] [Server thread/INFO]: [Essentials] Attempting to migrate ignore list to UUIDs
[05:05:49] [Server thread/INFO]: [Essentials] Attempting to migrate legacy userdata keys to Configurate
[05:05:49] [Server thread/INFO]: [Essentials] Done converting random teleport config.
[05:05:49] [Server thread/INFO]: [Essentials] Creating config from template: plugins/Essentials/worth.yml
[05:05:49] [Server thread/INFO]: [Essentials] Selected 1.17.1+ World Info Provider as the provider for WorldInfoProvider
[05:05:49] [Server thread/INFO]: [Essentials] Selected 1.21.4+ Sync Commands Provider as the provider for SyncCommandsProvider
[05:05:49] [Server thread/INFO]: [Essentials] Selected 1.20.6+ Potion Meta Provider as the provider for PotionMetaProvider
[05:05:49] [Server thread/INFO]: [Essentials] Selected Paper Known Commands Provider as the provider for KnownCommandsProvider
[05:05:49] [Server thread/INFO]: [Essentials] Selected 1.13+ Spawn Egg Provider as the provider for SpawnEggProvider
[05:05:49] [Server thread/INFO]: [Essentials] Selected 1.21+ InventoryView Interface ABI Provider as the provider for InventoryViewProvider
[05:05:49] [Server thread/INFO]: [Essentials] Selected Paper Tick Count Provider as the provider for TickCountProvider
[05:05:49] [Server thread/INFO]: [Essentials] Selected Paper Serialization Provider as the provider for SerializationProvider
[05:05:49] [Server thread/INFO]: [Essentials] Selected 1.14+ Sign Data Provider as the provider for SignDataProvider
[05:05:49] [Server thread/INFO]: [Essentials] Selected Reflection Online Mode Provider as the provider for OnlineModeProvider
[05:05:49] [Server thread/INFO]: [Essentials] Selected 1.8.3+ Spawner Item Provider as the provider for SpawnerItemProvider
[05:05:49] [Server thread/INFO]: [Essentials] Selected 1.12+ Spawner Block Provider as the provider for SpawnerBlockProvider
[05:05:49] [Server thread/INFO]: [Essentials] Selected 1.12.2+ Player Locale Provider as the provider for PlayerLocaleProvider
[05:05:49] [Server thread/INFO]: [Essentials] Selected 1.20.4+ Damage Event Provider as the provider for DamageEventProvider
[05:05:49] [Server thread/INFO]: [Essentials] Selected Paper Material Tag Provider as the provider for MaterialTagProvider
[05:05:49] [Server thread/INFO]: [Essentials] Selected Paper Container Provider as the provider for ContainerProvider
[05:05:49] [Server thread/INFO]: [Essentials] Selected 1.20.5+ Banner Data Provider as the provider for BannerDataProvider
[05:05:49] [Server thread/INFO]: [Essentials] Selected 1.11+ Item Unbreakable Provider as the provider for ItemUnbreakableProvider
[05:05:49] [Server thread/INFO]: [Essentials] Selected Paper Server State Provider as the provider for ServerStateProvider
[05:05:49] [Server thread/INFO]: [Essentials] Selected 1.14.4+ Persistent Data Container Provider as the provider for PersistentDataProvider
[05:05:49] [Server thread/INFO]: [Essentials] Selected Paper Biome Key Provider as the provider for BiomeKeyProvider
[05:05:49] [Server thread/INFO]: [Essentials] Selected Reflection Formatted Command Alias Provider as the provider for FormattedCommandAliasProvider
[05:05:49] [Server thread/INFO]: [Essentials] Creating config from template: plugins/Essentials/tpr.yml
[05:05:50] [Server thread/INFO]: [Essentials] Loaded 43517 items from items.json.
[05:05:50] [Server thread/INFO]: [Essentials] Creating config from template: plugins/Essentials/custom_items.yml
[05:05:50] [Server thread/INFO]: [Essentials] Using locale en
[05:05:50] [Server thread/INFO]: [Essentials] ServerListPingEvent: Spigot iterator API
[05:05:50] [Server thread/INFO]: [Essentials] Starting Metrics. Opt-out using the global bStats config.
[05:05:50] [Server thread/INFO]: [Vault] [Economy] Essentials Economy hooked.
[05:05:50] [Server thread/INFO]: [Essentials] Using Vault based permissions (LuckPerms)
[05:05:50] [Server thread/INFO]: [spark] Starting background profiler...
[05:05:50] [Server thread/INFO]: Done preparing level "world" (6.179s)
[05:05:50] [Server thread/INFO]: Running delayed init tasks
[05:05:50] [Craft Scheduler Thread - 3 - Essentials/INFO]: [Essentials] Fetching version information...
[05:05:51] [Server thread/INFO]: [AuraSkills] Loaded 11 skills with 317 total sources
[05:05:51] [Server thread/INFO]: [AuraSkills] Loaded 9 stats and 17 traits
[05:05:51] [Server thread/INFO]: [AuraSkills] Loaded 22 pattern rewards and 0 level rewards
[05:05:51] [Server thread/INFO]: [AuraSkills] Loaded 53 loot entries in 4 pools and 2 tables
[05:05:51] [Server thread/INFO]: Environment: Environment[sessionHost=https://sessionserver.mojang.com, servicesHost=https://api.minecraftservices.com, name=PROD]
[05:05:51] [Server thread/INFO]: [AuraSkills] Loaded 7 menus
[05:05:51] [Server thread/INFO]: [Essentials] Essentials found a compatible payment resolution method: Vault Compatibility Layer (v1.7.3-b131)!
[05:05:51] [Server thread/INFO]: Done (26.481s)! For help, type "help"
[05:05:51] [Craft Scheduler Thread - 4 - Vault/INFO]: [Vault] Checking for Updates ... 
[05:05:51] [Craft Scheduler Thread - 4 - Vault/INFO]: [Vault] No new version available
